2025-04-10 20:51:59.434 [main] INFO  github.tonyenergy.Application - Starting Application using Java 1.8.0_412 on LTH with PID 15636 (D:\ocpp_java_app\target\classes started by LTH in D:\ocpp_java_app)
2025-04-10 20:51:59.437 [main] INFO  github.tonyenergy.Application - No active profile set, falling back to 1 default profile: "default"
2025-04-10 20:52:00.067 [main] INFO  o.s.boot.web.embedded.tomcat.TomcatWebServer - Tomcat initialized with port(s): 8080 (http)
2025-04-10 20:52:00.068 [main] INFO  org.apache.catalina.core.AprLifecycleListener - An older version [1.2.35] of the Apache Tomcat Native library is installed, while Tomcat recommends a minimum version of [1.2.38]
2025-04-10 20:52:00.068 [main] INFO  org.apache.catalina.core.AprLifecycleListener - Loaded Apache Tomcat Native library [1.2.35] using APR version [1.7.0].
2025-04-10 20:52:00.072 [main] INFO  org.apache.catalina.core.AprLifecycleListener - APR capabilities: IPv6 [true], sendfile [true], accept filters [false], random [true], UDS [true].
2025-04-10 20:52:00.072 [main] INFO  org.apache.catalina.core.AprLifecycleListener - APR/OpenSSL configuration: useAprConnector [false], useOpenSSL [true]
2025-04-10 20:52:00.074 [main] INFO  org.apache.catalina.core.AprLifecycleListener - OpenSSL successfully initialized [OpenSSL 1.1.1q  5 Jul 2022]
2025-04-10 20:52:00.079 [main] INFO  org.apache.coyote.http11.Http11NioProtocol - Initializing ProtocolHandler ["http-nio-8080"]
2025-04-10 20:52:00.080 [main] INFO  org.apache.catalina.core.StandardService - Starting service [Tomcat]
2025-04-10 20:52:00.080 [main] INFO  org.apache.catalina.core.StandardEngine - Starting Servlet engine: [Apache Tomcat/9.0.83]
2025-04-10 20:52:00.138 [main] INFO  o.a.c.core.ContainerBase.[Tomcat].[localhost].[/] - Initializing Spring embedded WebApplicationContext
2025-04-10 20:52:00.138 [main] INFO  o.s.b.w.s.c.ServletWebServerApplicationContext - Root WebApplicationContext: initialization completed in 680 ms
2025-04-10 20:52:00.411 [main] INFO  org.apache.coyote.http11.Http11NioProtocol - Starting ProtocolHandler ["http-nio-8080"]
2025-04-10 20:52:00.421 [main] INFO  o.s.boot.web.embedded.tomcat.TomcatWebServer - Tomcat started on port(s): 8080 (http) with context path ''
2025-04-10 20:52:00.427 [main] INFO  github.tonyenergy.Application - Started Application in 1.244 seconds (JVM running for 1.741)
2025-04-10 20:52:00.428 [main] INFO  github.tonyenergy.Application - 🚀 WebSocket 服务器已启动！
2025-04-10 20:55:53.768 [http-nio-8080-exec-1] INFO  o.a.c.core.ContainerBase.[Tomcat].[localhost].[/] - Initializing Spring DispatcherServlet 'dispatcherServlet'
2025-04-10 20:55:53.769 [http-nio-8080-exec-1] INFO  org.springframework.web.servlet.DispatcherServlet - Initializing Servlet 'dispatcherServlet'
2025-04-10 20:55:53.769 [http-nio-8080-exec-1] INFO  org.springframework.web.servlet.DispatcherServlet - Completed initialization in 0 ms
2025-04-10 20:55:54.058 [http-nio-8080-exec-8] INFO  org.springdoc.api.AbstractOpenApiResource - Init duration for springdoc-openapi is: 77 ms
2025-04-10 20:55:59.561 [http-nio-8080-exec-9] INFO  github.tonyenergy.controller.HealthController - 📩 Server Received message：ping
2025-04-10 20:56:00.279 [http-nio-8080-exec-10] INFO  github.tonyenergy.controller.HealthController - 📩 Server Received message：ping
2025-04-10 20:56:00.619 [http-nio-8080-exec-1] INFO  github.tonyenergy.controller.HealthController - 📩 Server Received message：ping
2025-04-10 20:56:00.763 [http-nio-8080-exec-3] INFO  github.tonyenergy.controller.HealthController - 📩 Server Received message：ping
2025-04-10 20:56:00.898 [http-nio-8080-exec-2] INFO  github.tonyenergy.controller.HealthController - 📩 Server Received message：ping
2025-04-10 20:56:01.033 [http-nio-8080-exec-5] INFO  github.tonyenergy.controller.HealthController - 📩 Server Received message：ping
2025-04-10 20:56:01.168 [http-nio-8080-exec-6] INFO  github.tonyenergy.controller.HealthController - 📩 Server Received message：ping
2025-04-10 20:56:01.297 [http-nio-8080-exec-4] INFO  github.tonyenergy.controller.HealthController - 📩 Server Received message：ping
2025-04-10 20:57:45.006 [http-nio-8080-exec-3] INFO  github.tonyenergy.controller.LogController - 请求日志内容
2025-04-10 20:57:49.895 [http-nio-8080-exec-2] INFO  github.tonyenergy.controller.LogController - 请求日志内容
2025-04-10 21:54:26.211 [main] ERROR org.springframework.boot.SpringApplication - Application run failed
java.lang.IllegalStateException: java.lang.IllegalStateException: Logback configuration error detected: 
ERROR in ch.qos.logback.core.joran.action.AppenderAction - Could not create an Appender of type [com.aliyun.oss.logback.OSSAppender]. ch.qos.logback.core.util.DynamicClassLoadingException: Failed to instantiate type com.aliyun.oss.logback.OSSAppender
ERROR in ch.qos.logback.core.joran.spi.Interpreter@16:69 - ActionException in Action for tag [appender] ch.qos.logback.core.joran.spi.ActionException: ch.qos.logback.core.util.DynamicClassLoadingException: Failed to instantiate type com.aliyun.oss.logback.OSSAppender
ERROR in ch.qos.logback.core.joran.action.AppenderRefAction - Could not find an appender named [oss]. Did you define it below instead of above in the configuration file?
ERROR in ch.qos.logback.core.joran.action.AppenderRefAction - See http://logback.qos.ch/codes.html#appender_order for more details.
	at org.springframework.boot.context.logging.LoggingApplicationListener.initializeSystem(LoggingApplicationListener.java:344)
	at org.springframework.boot.context.logging.LoggingApplicationListener.initialize(LoggingApplicationListener.java:298)
	at org.springframework.boot.context.logging.LoggingApplicationListener.onApplicationEnvironmentPreparedEvent(LoggingApplicationListener.java:246)
	at org.springframework.boot.context.logging.LoggingApplicationListener.onApplicationEvent(LoggingApplicationListener.java:223)
	at org.springframework.context.event.SimpleApplicationEventMulticaster.doInvokeListener(SimpleApplicationEventMulticaster.java:178)
	at org.springframework.context.event.SimpleApplicationEventMulticaster.invokeListener(SimpleApplicationEventMulticaster.java:171)
	at org.springframework.context.event.SimpleApplicationEventMulticaster.multicastEvent(SimpleApplicationEventMulticaster.java:145)
	at org.springframework.context.event.SimpleApplicationEventMulticaster.multicastEvent(SimpleApplicationEventMulticaster.java:133)
	at org.springframework.boot.context.event.EventPublishingRunListener.environmentPrepared(EventPublishingRunListener.java:85)
	at org.springframework.boot.SpringApplicationRunListeners.lambda$environmentPrepared$2(SpringApplicationRunListeners.java:66)
	at java.util.ArrayList.forEach(ArrayList.java:1259)
	at org.springframework.boot.SpringApplicationRunListeners.doWithListeners(SpringApplicationRunListeners.java:120)
	at org.springframework.boot.SpringApplicationRunListeners.doWithListeners(SpringApplicationRunListeners.java:114)
	at org.springframework.boot.SpringApplicationRunListeners.environmentPrepared(SpringApplicationRunListeners.java:65)
	at org.springframework.boot.SpringApplication.prepareEnvironment(SpringApplication.java:344)
	at org.springframework.boot.SpringApplication.run(SpringApplication.java:302)
	at org.springframework.boot.SpringApplication.run(SpringApplication.java:1300)
	at org.springframework.boot.SpringApplication.run(SpringApplication.java:1289)
	at github.tonyenergy.Application.main(Application.java:16)
Caused by: java.lang.IllegalStateException: Logback configuration error detected: 
ERROR in ch.qos.logback.core.joran.action.AppenderAction - Could not create an Appender of type [com.aliyun.oss.logback.OSSAppender]. ch.qos.logback.core.util.DynamicClassLoadingException: Failed to instantiate type com.aliyun.oss.logback.OSSAppender
ERROR in ch.qos.logback.core.joran.spi.Interpreter@16:69 - ActionException in Action for tag [appender] ch.qos.logback.core.joran.spi.ActionException: ch.qos.logback.core.util.DynamicClassLoadingException: Failed to instantiate type com.aliyun.oss.logback.OSSAppender
ERROR in ch.qos.logback.core.joran.action.AppenderRefAction - Could not find an appender named [oss]. Did you define it below instead of above in the configuration file?
ERROR in ch.qos.logback.core.joran.action.AppenderRefAction - See http://logback.qos.ch/codes.html#appender_order for more details.
	at org.springframework.boot.logging.logback.LogbackLoggingSystem.reportConfigurationErrorsIfNecessary(LogbackLoggingSystem.java:189)
	at org.springframework.boot.logging.logback.LogbackLoggingSystem.loadConfiguration(LogbackLoggingSystem.java:170)
	at org.springframework.boot.logging.AbstractLoggingSystem.initializeWithConventions(AbstractLoggingSystem.java:80)
	at org.springframework.boot.logging.AbstractLoggingSystem.initialize(AbstractLoggingSystem.java:60)
	at org.springframework.boot.logging.logback.LogbackLoggingSystem.initialize(LogbackLoggingSystem.java:132)
	at org.springframework.boot.context.logging.LoggingApplicationListener.initializeSystem(LoggingApplicationListener.java:329)
	... 18 common frames omitted
	Suppressed: ch.qos.logback.core.util.DynamicClassLoadingException: Failed to instantiate type com.aliyun.oss.logback.OSSAppender
		at ch.qos.logback.core.util.OptionHelper.instantiateByClassNameAndParameter(OptionHelper.java:68)
		at ch.qos.logback.core.util.OptionHelper.instantiateByClassName(OptionHelper.java:44)
		at ch.qos.logback.core.util.OptionHelper.instantiateByClassName(OptionHelper.java:33)
		at ch.qos.logback.core.joran.action.AppenderAction.begin(AppenderAction.java:52)
		at ch.qos.logback.core.joran.spi.Interpreter.callBeginAction(Interpreter.java:269)
		at ch.qos.logback.core.joran.spi.Interpreter.startElement(Interpreter.java:145)
		at ch.qos.logback.core.joran.spi.Interpreter.startElement(Interpreter.java:128)
		at ch.qos.logback.core.joran.spi.EventPlayer.play(EventPlayer.java:50)
		at ch.qos.logback.core.joran.GenericConfigurator.doConfigure(GenericConfigurator.java:165)
		at ch.qos.logback.core.joran.GenericConfigurator.doConfigure(GenericConfigurator.java:152)
		at ch.qos.logback.core.joran.GenericConfigurator.doConfigure(GenericConfigurator.java:110)
		at ch.qos.logback.core.joran.GenericConfigurator.doConfigure(GenericConfigurator.java:53)
		at org.springframework.boot.logging.logback.LogbackLoggingSystem.configureByResourceUrl(LogbackLoggingSystem.java:199)
		at org.springframework.boot.logging.logback.LogbackLoggingSystem.loadConfiguration(LogbackLoggingSystem.java:165)
		... 22 common frames omitted
	Caused by: java.lang.ClassNotFoundException: com.aliyun.oss.logback.OSSAppender
		at java.net.URLClassLoader.findClass(URLClassLoader.java:387)
		at java.lang.ClassLoader.loadClass(ClassLoader.java:418)
		at sun.misc.Launcher$AppClassLoader.loadClass(Launcher.java:352)
		at java.lang.ClassLoader.loadClass(ClassLoader.java:351)
		at ch.qos.logback.core.util.OptionHelper.instantiateByClassNameAndParameter(OptionHelper.java:55)
		... 35 common frames omitted
	Suppressed: ch.qos.logback.core.joran.spi.ActionException: ch.qos.logback.core.util.DynamicClassLoadingException: Failed to instantiate type com.aliyun.oss.logback.OSSAppender
		at ch.qos.logback.core.joran.action.AppenderAction.begin(AppenderAction.java:76)
		at ch.qos.logback.core.joran.spi.Interpreter.callBeginAction(Interpreter.java:269)
		at ch.qos.logback.core.joran.spi.Interpreter.startElement(Interpreter.java:145)
		at ch.qos.logback.core.joran.spi.Interpreter.startElement(Interpreter.java:128)
		at ch.qos.logback.core.joran.spi.EventPlayer.play(EventPlayer.java:50)
		at ch.qos.logback.core.joran.GenericConfigurator.doConfigure(GenericConfigurator.java:165)
		at ch.qos.logback.core.joran.GenericConfigurator.doConfigure(GenericConfigurator.java:152)
		at ch.qos.logback.core.joran.GenericConfigurator.doConfigure(GenericConfigurator.java:110)
		at ch.qos.logback.core.joran.GenericConfigurator.doConfigure(GenericConfigurator.java:53)
		at org.springframework.boot.logging.logback.LogbackLoggingSystem.configureByResourceUrl(LogbackLoggingSystem.java:199)
		at org.springframework.boot.logging.logback.LogbackLoggingSystem.loadConfiguration(LogbackLoggingSystem.java:165)
		... 22 common frames omitted
	Caused by: ch.qos.logback.core.util.DynamicClassLoadingException: Failed to instantiate type com.aliyun.oss.logback.OSSAppender
2025-04-10 22:12:24.041 [main] INFO  github.tonyenergy.Application - Starting Application using Java 1.8.0_412 on LTH with PID 19028 (D:\ocpp_java_app\target\classes started by LTH in D:\ocpp_java_app)
2025-04-10 22:12:24.043 [main] INFO  github.tonyenergy.Application - No active profile set, falling back to 1 default profile: "default"
2025-04-10 22:12:24.531 [main] INFO  o.s.boot.web.embedded.tomcat.TomcatWebServer - Tomcat initialized with port(s): 8080 (http)
2025-04-10 22:12:24.532 [main] INFO  org.apache.catalina.core.AprLifecycleListener - An older version [1.2.35] of the Apache Tomcat Native library is installed, while Tomcat recommends a minimum version of [1.2.38]
2025-04-10 22:12:24.532 [main] INFO  org.apache.catalina.core.AprLifecycleListener - Loaded Apache Tomcat Native library [1.2.35] using APR version [1.7.0].
2025-04-10 22:12:24.532 [main] INFO  org.apache.catalina.core.AprLifecycleListener - APR capabilities: IPv6 [true], sendfile [true], accept filters [false], random [true], UDS [true].
2025-04-10 22:12:24.532 [main] INFO  org.apache.catalina.core.AprLifecycleListener - APR/OpenSSL configuration: useAprConnector [false], useOpenSSL [true]
2025-04-10 22:12:24.533 [main] INFO  org.apache.catalina.core.AprLifecycleListener - OpenSSL successfully initialized [OpenSSL 1.1.1q  5 Jul 2022]
2025-04-10 22:12:24.537 [main] INFO  org.apache.coyote.http11.Http11NioProtocol - Initializing ProtocolHandler ["http-nio-8080"]
2025-04-10 22:12:24.538 [main] INFO  org.apache.catalina.core.StandardService - Starting service [Tomcat]
2025-04-10 22:12:24.538 [main] INFO  org.apache.catalina.core.StandardEngine - Starting Servlet engine: [Apache Tomcat/9.0.83]
2025-04-10 22:12:24.596 [main] INFO  o.a.c.core.ContainerBase.[Tomcat].[localhost].[/] - Initializing Spring embedded WebApplicationContext
2025-04-10 22:12:24.596 [main] INFO  o.s.b.w.s.c.ServletWebServerApplicationContext - Root WebApplicationContext: initialization completed in 531 ms
2025-04-10 22:12:24.980 [main] INFO  org.apache.coyote.http11.Http11NioProtocol - Starting ProtocolHandler ["http-nio-8080"]
2025-04-10 22:12:24.989 [main] INFO  o.s.boot.web.embedded.tomcat.TomcatWebServer - Tomcat started on port(s): 8080 (http) with context path ''
2025-04-10 22:12:24.994 [main] INFO  o.s.s.a.ScheduledAnnotationBeanPostProcessor - No TaskScheduler/ScheduledExecutorService bean found for scheduled processing
2025-04-10 22:12:24.998 [main] INFO  github.tonyenergy.Application - Started Application in 1.163 seconds (JVM running for 1.599)
2025-04-10 22:12:25.000 [main] INFO  github.tonyenergy.Application - 🚀 WebSocket 服务器已启动！
2025-04-10 22:13:31.633 [http-nio-8080-exec-1] INFO  o.a.c.core.ContainerBase.[Tomcat].[localhost].[/] - Initializing Spring DispatcherServlet 'dispatcherServlet'
2025-04-10 22:13:31.633 [http-nio-8080-exec-1] INFO  org.springframework.web.servlet.DispatcherServlet - Initializing Servlet 'dispatcherServlet'
2025-04-10 22:13:31.633 [http-nio-8080-exec-1] INFO  org.springframework.web.servlet.DispatcherServlet - Completed initialization in 0 ms
2025-04-10 22:13:31.842 [http-nio-8080-exec-3] INFO  org.springdoc.api.AbstractOpenApiResource - Init duration for springdoc-openapi is: 72 ms
2025-04-10 22:19:50.382 [SpringApplicationShutdownHook] INFO  github.tonyenergy.service.LogUploadService - 🛑 Application shutting down. Uploading logs to OSS...
2025-04-10 22:19:50.696 [SpringApplicationShutdownHook] INFO  github.tonyenergy.service.LogUploadService - ✅ Uploaded log to OSS: logs/ocpp-20250410_221950.log
2025-04-10 22:19:50.696 [SpringApplicationShutdownHook] WARN  github.tonyenergy.service.LogUploadService - ⚠️ Failed to delete local log file: ocpp.log
2025-04-10 22:19:50.696 [SpringApplicationShutdownHook] INFO  github.tonyenergy.hook.ShutdownHook - 应用关闭，准备上传日志文件到 OSS...
2025-04-10 22:19:50.914 [SpringApplicationShutdownHook] INFO  github.tonyenergy.oss.OssUtil - ✅ 日志文件上传成功！路径: logs/2025-04-10/ocpp.log
2025-04-10 22:19:50.914 [SpringApplicationShutdownHook] INFO  github.tonyenergy.hook.ShutdownHook - 应用关闭时日志上传完成。
2025-04-10 22:19:54.677 [main] INFO  github.tonyenergy.Application - Starting Application using Java 1.8.0_412 on LTH with PID 19672 (D:\ocpp_java_app\target\classes started by LTH in D:\ocpp_java_app)
2025-04-10 22:19:54.679 [main] INFO  github.tonyenergy.Application - No active profile set, falling back to 1 default profile: "default"
2025-04-10 22:19:55.151 [main] INFO  o.s.boot.web.embedded.tomcat.TomcatWebServer - Tomcat initialized with port(s): 8080 (http)
2025-04-10 22:19:55.152 [main] INFO  org.apache.catalina.core.AprLifecycleListener - An older version [1.2.35] of the Apache Tomcat Native library is installed, while Tomcat recommends a minimum version of [1.2.38]
2025-04-10 22:19:55.152 [main] INFO  org.apache.catalina.core.AprLifecycleListener - Loaded Apache Tomcat Native library [1.2.35] using APR version [1.7.0].
2025-04-10 22:19:55.152 [main] INFO  org.apache.catalina.core.AprLifecycleListener - APR capabilities: IPv6 [true], sendfile [true], accept filters [false], random [true], UDS [true].
2025-04-10 22:19:55.152 [main] INFO  org.apache.catalina.core.AprLifecycleListener - APR/OpenSSL configuration: useAprConnector [false], useOpenSSL [true]
2025-04-10 22:19:55.154 [main] INFO  org.apache.catalina.core.AprLifecycleListener - OpenSSL successfully initialized [OpenSSL 1.1.1q  5 Jul 2022]
2025-04-10 22:19:55.157 [main] INFO  org.apache.coyote.http11.Http11NioProtocol - Initializing ProtocolHandler ["http-nio-8080"]
2025-04-10 22:19:55.158 [main] INFO  org.apache.catalina.core.StandardService - Starting service [Tomcat]
2025-04-10 22:19:55.158 [main] INFO  org.apache.catalina.core.StandardEngine - Starting Servlet engine: [Apache Tomcat/9.0.83]
2025-04-10 22:19:55.220 [main] INFO  o.a.c.core.ContainerBase.[Tomcat].[localhost].[/] - Initializing Spring embedded WebApplicationContext
2025-04-10 22:19:55.220 [main] INFO  o.s.b.w.s.c.ServletWebServerApplicationContext - Root WebApplicationContext: initialization completed in 521 ms
2025-04-10 22:19:55.587 [main] INFO  org.apache.coyote.http11.Http11NioProtocol - Starting ProtocolHandler ["http-nio-8080"]
2025-04-10 22:19:55.596 [main] INFO  o.s.boot.web.embedded.tomcat.TomcatWebServer - Tomcat started on port(s): 8080 (http) with context path ''
2025-04-10 22:19:55.600 [main] INFO  o.s.s.a.ScheduledAnnotationBeanPostProcessor - No TaskScheduler/ScheduledExecutorService bean found for scheduled processing
2025-04-10 22:19:55.605 [main] INFO  github.tonyenergy.Application - Started Application in 1.164 seconds (JVM running for 1.593)
2025-04-10 22:19:55.606 [main] INFO  github.tonyenergy.Application - 🚀 WebSocket 服务器已启动！
2025-04-10 22:28:55.932 [http-nio-8080-exec-1] INFO  o.a.c.core.ContainerBase.[Tomcat].[localhost].[/] - Initializing Spring DispatcherServlet 'dispatcherServlet'
2025-04-10 22:28:55.932 [http-nio-8080-exec-1] INFO  org.springframework.web.servlet.DispatcherServlet - Initializing Servlet 'dispatcherServlet'
2025-04-10 22:28:55.933 [http-nio-8080-exec-1] INFO  org.springframework.web.servlet.DispatcherServlet - Completed initialization in 1 ms
2025-04-10 22:28:56.201 [http-nio-8080-exec-5] INFO  org.springdoc.api.AbstractOpenApiResource - Init duration for springdoc-openapi is: 82 ms
2025-04-10 23:00:00.003 [pool-2-thread-1] INFO  github.tonyenergy.schedule.LogScheduler - 🕒 Scheduled task: uploading logs to OSS...
2025-04-10 23:00:00.343 [pool-2-thread-1] INFO  github.tonyenergy.service.LogUploadService - ✅ Uploaded log to OSS: logs/ocpp-20250410_230000.log
2025-04-10 23:00:00.344 [pool-2-thread-1] WARN  github.tonyenergy.service.LogUploadService - ⚠️ Failed to delete local log file: ocpp.log
2025-04-10 23:00:00.344 [pool-2-thread-1] INFO  github.tonyenergy.schedule.LogScheduler - 🕒 Scheduled task: Finish
2025-04-10 23:20:08.115 [SpringApplicationShutdownHook] INFO  github.tonyenergy.service.LogUploadService - 🛑 Application shutting down. Uploading logs to OSS...
2025-04-10 23:20:08.394 [SpringApplicationShutdownHook] INFO  github.tonyenergy.service.LogUploadService - ✅ Uploaded log to OSS: logs/ocpp-20250410_232008.log
2025-04-10 23:20:08.395 [SpringApplicationShutdownHook] WARN  github.tonyenergy.service.LogUploadService - ⚠️ Failed to delete local log file: ocpp.log
2025-04-10 23:20:08.398 [SpringApplicationShutdownHook] INFO  github.tonyenergy.hook.ShutdownHook - 应用关闭，准备上传日志文件到 OSS...
2025-04-10 23:20:08.398 [SpringApplicationShutdownHook] WARN  o.s.c.annotation.CommonAnnotationBeanPostProcessor - Destroy method on bean with name 'shutdownHook' threw an exception: java.lang.NoClassDefFoundError: github/tonyenergy/oss/OssUtil
2025-04-10 23:21:27.467 [main] INFO  github.tonyenergy.Application - Starting Application using Java 1.8.0_412 on LTH with PID 17340 (D:\ocpp_java_app\target\classes started by LTH in D:\ocpp_java_app)
2025-04-10 23:21:27.469 [main] INFO  github.tonyenergy.Application - No active profile set, falling back to 1 default profile: "default"
2025-04-10 23:21:27.971 [main] INFO  o.s.boot.web.embedded.tomcat.TomcatWebServer - Tomcat initialized with port(s): 8080 (http)
2025-04-10 23:21:27.971 [main] INFO  org.apache.catalina.core.AprLifecycleListener - An older version [1.2.35] of the Apache Tomcat Native library is installed, while Tomcat recommends a minimum version of [1.2.38]
2025-04-10 23:21:27.972 [main] INFO  org.apache.catalina.core.AprLifecycleListener - Loaded Apache Tomcat Native library [1.2.35] using APR version [1.7.0].
2025-04-10 23:21:27.972 [main] INFO  org.apache.catalina.core.AprLifecycleListener - APR capabilities: IPv6 [true], sendfile [true], accept filters [false], random [true], UDS [true].
2025-04-10 23:21:27.972 [main] INFO  org.apache.catalina.core.AprLifecycleListener - APR/OpenSSL configuration: useAprConnector [false], useOpenSSL [true]
2025-04-10 23:21:27.973 [main] INFO  org.apache.catalina.core.AprLifecycleListener - OpenSSL successfully initialized [OpenSSL 1.1.1q  5 Jul 2022]
2025-04-10 23:21:27.977 [main] INFO  org.apache.coyote.http11.Http11NioProtocol - Initializing ProtocolHandler ["http-nio-8080"]
2025-04-10 23:21:27.978 [main] INFO  org.apache.catalina.core.StandardService - Starting service [Tomcat]
2025-04-10 23:21:27.978 [main] INFO  org.apache.catalina.core.StandardEngine - Starting Servlet engine: [Apache Tomcat/9.0.83]
2025-04-10 23:21:28.043 [main] INFO  o.a.c.core.ContainerBase.[Tomcat].[localhost].[/] - Initializing Spring embedded WebApplicationContext
2025-04-10 23:21:28.043 [main] INFO  o.s.b.w.s.c.ServletWebServerApplicationContext - Root WebApplicationContext: initialization completed in 554 ms
2025-04-10 23:21:28.424 [main] INFO  org.apache.coyote.http11.Http11NioProtocol - Starting ProtocolHandler ["http-nio-8080"]
2025-04-10 23:21:28.433 [main] INFO  o.s.boot.web.embedded.tomcat.TomcatWebServer - Tomcat started on port(s): 8080 (http) with context path ''
2025-04-10 23:21:28.438 [main] INFO  o.s.s.a.ScheduledAnnotationBeanPostProcessor - No TaskScheduler/ScheduledExecutorService bean found for scheduled processing
2025-04-10 23:21:28.442 [main] INFO  github.tonyenergy.Application - Started Application in 1.225 seconds (JVM running for 1.655)
2025-04-10 23:21:28.443 [main] INFO  github.tonyenergy.Application - 🚀 WebSocket Server Start！
2025-04-10 23:21:34.810 [http-nio-8080-exec-1] INFO  o.a.c.core.ContainerBase.[Tomcat].[localhost].[/] - Initializing Spring DispatcherServlet 'dispatcherServlet'
2025-04-10 23:21:34.810 [http-nio-8080-exec-1] INFO  org.springframework.web.servlet.DispatcherServlet - Initializing Servlet 'dispatcherServlet'
2025-04-10 23:21:34.811 [http-nio-8080-exec-1] INFO  org.springframework.web.servlet.DispatcherServlet - Completed initialization in 1 ms
2025-04-10 23:21:35.080 [http-nio-8080-exec-8] INFO  org.springdoc.api.AbstractOpenApiResource - Init duration for springdoc-openapi is: 75 ms
2025-04-10 23:22:08.379 [http-nio-8080-exec-9] ERROR o.a.c.c.C.[.[localhost].[/].[dispatcherServlet] - Servlet.service() for servlet [dispatcherServlet] in context with path [] threw exception [Request processing failed; nested exception is java.lang.NullPointerException] with root cause
java.lang.NullPointerException: null
	at github.tonyenergy.controller.LogController.upp(LogController.java:68)
	at sun.reflect.NativeMethodAccessorImpl.invoke0(Native Method)
	at sun.reflect.NativeMethodAccessorImpl.invoke(NativeMethodAccessorImpl.java:62)
	at sun.reflect.DelegatingMethodAccessorImpl.invoke(DelegatingMethodAccessorImpl.java:43)
	at java.lang.reflect.Method.invoke(Method.java:498)
	at org.springframework.web.method.support.InvocableHandlerMethod.doInvoke(InvocableHandlerMethod.java:205)
	at org.springframework.web.method.support.InvocableHandlerMethod.invokeForRequest(InvocableHandlerMethod.java:150)
	at org.springframework.web.servlet.mvc.method.annotation.ServletInvocableHandlerMethod.invokeAndHandle(ServletInvocableHandlerMethod.java:117)
	at org.springframework.web.servlet.mvc.method.annotation.RequestMappingHandlerAdapter.invokeHandlerMethod(RequestMappingHandlerAdapter.java:895)
	at org.springframework.web.servlet.mvc.method.annotation.RequestMappingHandlerAdapter.handleInternal(RequestMappingHandlerAdapter.java:808)
	at org.springframework.web.servlet.mvc.method.AbstractHandlerMethodAdapter.handle(AbstractHandlerMethodAdapter.java:87)
	at org.springframework.web.servlet.DispatcherServlet.doDispatch(DispatcherServlet.java:1072)
	at org.springframework.web.servlet.DispatcherServlet.doService(DispatcherServlet.java:965)
	at org.springframework.web.servlet.FrameworkServlet.processRequest(FrameworkServlet.java:1006)
	at org.springframework.web.servlet.FrameworkServlet.doGet(FrameworkServlet.java:898)
	at javax.servlet.http.HttpServlet.service(HttpServlet.java:529)
	at org.springframework.web.servlet.FrameworkServlet.service(FrameworkServlet.java:883)
	at javax.servlet.http.HttpServlet.service(HttpServlet.java:623)
	at org.apache.catalina.core.ApplicationFilterChain.internalDoFilter(ApplicationFilterChain.java:209)
	at org.apache.catalina.core.ApplicationFilterChain.doFilter(ApplicationFilterChain.java:153)
	at org.apache.tomcat.websocket.server.WsFilter.doFilter(WsFilter.java:51)
	at org.apache.catalina.core.ApplicationFilterChain.internalDoFilter(ApplicationFilterChain.java:178)
	at org.apache.catalina.core.ApplicationFilterChain.doFilter(ApplicationFilterChain.java:153)
	at org.springframework.web.filter.RequestContextFilter.doFilterInternal(RequestContextFilter.java:100)
	at org.springframework.web.filter.OncePerRequestFilter.doFilter(OncePerRequestFilter.java:117)
	at org.apache.catalina.core.ApplicationFilterChain.internalDoFilter(ApplicationFilterChain.java:178)
	at org.apache.catalina.core.ApplicationFilterChain.doFilter(ApplicationFilterChain.java:153)
	at org.springframework.web.filter.FormContentFilter.doFilterInternal(FormContentFilter.java:93)
	at org.springframework.web.filter.OncePerRequestFilter.doFilter(OncePerRequestFilter.java:117)
	at org.apache.catalina.core.ApplicationFilterChain.internalDoFilter(ApplicationFilterChain.java:178)
	at org.apache.catalina.core.ApplicationFilterChain.doFilter(ApplicationFilterChain.java:153)
	at org.springframework.web.filter.CharacterEncodingFilter.doFilterInternal(CharacterEncodingFilter.java:201)
	at org.springframework.web.filter.OncePerRequestFilter.doFilter(OncePerRequestFilter.java:117)
	at org.apache.catalina.core.ApplicationFilterChain.internalDoFilter(ApplicationFilterChain.java:178)
	at org.apache.catalina.core.ApplicationFilterChain.doFilter(ApplicationFilterChain.java:153)
	at org.apache.catalina.core.StandardWrapperValve.invoke(StandardWrapperValve.java:168)
	at org.apache.catalina.core.StandardContextValve.invoke(StandardContextValve.java:90)
	at org.apache.catalina.authenticator.AuthenticatorBase.invoke(AuthenticatorBase.java:481)
	at org.apache.catalina.core.StandardHostValve.invoke(StandardHostValve.java:130)
	at org.apache.catalina.valves.ErrorReportValve.invoke(ErrorReportValve.java:93)
	at org.apache.catalina.core.StandardEngineValve.invoke(StandardEngineValve.java:74)
	at org.apache.catalina.connector.CoyoteAdapter.service(CoyoteAdapter.java:342)
	at org.apache.coyote.http11.Http11Processor.service(Http11Processor.java:390)
	at org.apache.coyote.AbstractProcessorLight.process(AbstractProcessorLight.java:63)
	at org.apache.coyote.AbstractProtocol$ConnectionHandler.process(AbstractProtocol.java:928)
	at org.apache.tomcat.util.net.NioEndpoint$SocketProcessor.doRun(NioEndpoint.java:1794)
	at org.apache.tomcat.util.net.SocketProcessorBase.run(SocketProcessorBase.java:52)
	at org.apache.tomcat.util.threads.ThreadPoolExecutor.runWorker(ThreadPoolExecutor.java:1191)
	at org.apache.tomcat.util.threads.ThreadPoolExecutor$Worker.run(ThreadPoolExecutor.java:659)
	at org.apache.tomcat.util.threads.TaskThread$WrappingRunnable.run(TaskThread.java:61)
	at java.lang.Thread.run(Thread.java:750)
2025-04-10 23:22:55.899 [SpringApplicationShutdownHook] INFO  github.tonyenergy.service.LogUploadService - 🛑 Application shutting down. Uploading logs to OSS...
2025-04-10 23:22:56.106 [SpringApplicationShutdownHook] INFO  github.tonyenergy.service.LogUploadService - ✅ Log file upload successful！Path: logs/ocpp-20250410_232255.log
2025-04-10 23:22:56.106 [SpringApplicationShutdownHook] WARN  github.tonyenergy.service.LogUploadService - ⚠️ Failed to delete local log file: ocpp.log
2025-04-10 23:22:59.922 [main] INFO  github.tonyenergy.Application - Starting Application using Java 1.8.0_412 on LTH with PID 19912 (D:\ocpp_java_app\target\classes started by LTH in D:\ocpp_java_app)
2025-04-10 23:22:59.923 [main] INFO  github.tonyenergy.Application - No active profile set, falling back to 1 default profile: "default"
2025-04-10 23:23:00.395 [main] INFO  o.s.boot.web.embedded.tomcat.TomcatWebServer - Tomcat initialized with port(s): 8080 (http)
2025-04-10 23:23:00.396 [main] INFO  org.apache.catalina.core.AprLifecycleListener - An older version [1.2.35] of the Apache Tomcat Native library is installed, while Tomcat recommends a minimum version of [1.2.38]
2025-04-10 23:23:00.396 [main] INFO  org.apache.catalina.core.AprLifecycleListener - Loaded Apache Tomcat Native library [1.2.35] using APR version [1.7.0].
2025-04-10 23:23:00.396 [main] INFO  org.apache.catalina.core.AprLifecycleListener - APR capabilities: IPv6 [true], sendfile [true], accept filters [false], random [true], UDS [true].
2025-04-10 23:23:00.396 [main] INFO  org.apache.catalina.core.AprLifecycleListener - APR/OpenSSL configuration: useAprConnector [false], useOpenSSL [true]
2025-04-10 23:23:00.398 [main] INFO  org.apache.catalina.core.AprLifecycleListener - OpenSSL successfully initialized [OpenSSL 1.1.1q  5 Jul 2022]
2025-04-10 23:23:00.401 [main] INFO  org.apache.coyote.http11.Http11NioProtocol - Initializing ProtocolHandler ["http-nio-8080"]
2025-04-10 23:23:00.402 [main] INFO  org.apache.catalina.core.StandardService - Starting service [Tomcat]
2025-04-10 23:23:00.402 [main] INFO  org.apache.catalina.core.StandardEngine - Starting Servlet engine: [Apache Tomcat/9.0.83]
2025-04-10 23:23:00.464 [main] INFO  o.a.c.core.ContainerBase.[Tomcat].[localhost].[/] - Initializing Spring embedded WebApplicationContext
2025-04-10 23:23:00.464 [main] INFO  o.s.b.w.s.c.ServletWebServerApplicationContext - Root WebApplicationContext: initialization completed in 521 ms
2025-04-10 23:23:00.853 [main] INFO  org.apache.coyote.http11.Http11NioProtocol - Starting ProtocolHandler ["http-nio-8080"]
2025-04-10 23:23:00.862 [main] INFO  o.s.boot.web.embedded.tomcat.TomcatWebServer - Tomcat started on port(s): 8080 (http) with context path ''
2025-04-10 23:23:00.866 [main] INFO  o.s.s.a.ScheduledAnnotationBeanPostProcessor - No TaskScheduler/ScheduledExecutorService bean found for scheduled processing
2025-04-10 23:23:00.871 [main] INFO  github.tonyenergy.Application - Started Application in 1.174 seconds (JVM running for 1.602)
2025-04-10 23:23:00.872 [main] INFO  github.tonyenergy.Application - 🚀 WebSocket Server Start！
2025-04-10 23:23:04.833 [http-nio-8080-exec-1] INFO  o.a.c.core.ContainerBase.[Tomcat].[localhost].[/] - Initializing Spring DispatcherServlet 'dispatcherServlet'
2025-04-10 23:23:04.833 [http-nio-8080-exec-1] INFO  org.springframework.web.servlet.DispatcherServlet - Initializing Servlet 'dispatcherServlet'
2025-04-10 23:23:04.834 [http-nio-8080-exec-1] INFO  org.springframework.web.servlet.DispatcherServlet - Completed initialization in 1 ms
2025-04-10 23:23:05.090 [http-nio-8080-exec-6] INFO  org.springdoc.api.AbstractOpenApiResource - Init duration for springdoc-openapi is: 78 ms
2025-04-10 23:23:08.540 [http-nio-8080-exec-5] ERROR o.a.c.c.C.[.[localhost].[/].[dispatcherServlet] - Servlet.service() for servlet [dispatcherServlet] in context with path [] threw exception [Request processing failed; nested exception is java.lang.NullPointerException] with root cause
java.lang.NullPointerException: null
	at github.tonyenergy.controller.LogController.upp(LogController.java:68)
	at sun.reflect.NativeMethodAccessorImpl.invoke0(Native Method)
	at sun.reflect.NativeMethodAccessorImpl.invoke(NativeMethodAccessorImpl.java:62)
	at sun.reflect.DelegatingMethodAccessorImpl.invoke(DelegatingMethodAccessorImpl.java:43)
	at java.lang.reflect.Method.invoke(Method.java:498)
	at org.springframework.web.method.support.InvocableHandlerMethod.doInvoke(InvocableHandlerMethod.java:205)
	at org.springframework.web.method.support.InvocableHandlerMethod.invokeForRequest(InvocableHandlerMethod.java:150)
	at org.springframework.web.servlet.mvc.method.annotation.ServletInvocableHandlerMethod.invokeAndHandle(ServletInvocableHandlerMethod.java:117)
	at org.springframework.web.servlet.mvc.method.annotation.RequestMappingHandlerAdapter.invokeHandlerMethod(RequestMappingHandlerAdapter.java:895)
	at org.springframework.web.servlet.mvc.method.annotation.RequestMappingHandlerAdapter.handleInternal(RequestMappingHandlerAdapter.java:808)
	at org.springframework.web.servlet.mvc.method.AbstractHandlerMethodAdapter.handle(AbstractHandlerMethodAdapter.java:87)
	at org.springframework.web.servlet.DispatcherServlet.doDispatch(DispatcherServlet.java:1072)
	at org.springframework.web.servlet.DispatcherServlet.doService(DispatcherServlet.java:965)
	at org.springframework.web.servlet.FrameworkServlet.processRequest(FrameworkServlet.java:1006)
	at org.springframework.web.servlet.FrameworkServlet.doGet(FrameworkServlet.java:898)
	at javax.servlet.http.HttpServlet.service(HttpServlet.java:529)
	at org.springframework.web.servlet.FrameworkServlet.service(FrameworkServlet.java:883)
	at javax.servlet.http.HttpServlet.service(HttpServlet.java:623)
	at org.apache.catalina.core.ApplicationFilterChain.internalDoFilter(ApplicationFilterChain.java:209)
	at org.apache.catalina.core.ApplicationFilterChain.doFilter(ApplicationFilterChain.java:153)
	at org.apache.tomcat.websocket.server.WsFilter.doFilter(WsFilter.java:51)
	at org.apache.catalina.core.ApplicationFilterChain.internalDoFilter(ApplicationFilterChain.java:178)
	at org.apache.catalina.core.ApplicationFilterChain.doFilter(ApplicationFilterChain.java:153)
	at org.springframework.web.filter.RequestContextFilter.doFilterInternal(RequestContextFilter.java:100)
	at org.springframework.web.filter.OncePerRequestFilter.doFilter(OncePerRequestFilter.java:117)
	at org.apache.catalina.core.ApplicationFilterChain.internalDoFilter(ApplicationFilterChain.java:178)
	at org.apache.catalina.core.ApplicationFilterChain.doFilter(ApplicationFilterChain.java:153)
	at org.springframework.web.filter.FormContentFilter.doFilterInternal(FormContentFilter.java:93)
	at org.springframework.web.filter.OncePerRequestFilter.doFilter(OncePerRequestFilter.java:117)
	at org.apache.catalina.core.ApplicationFilterChain.internalDoFilter(ApplicationFilterChain.java:178)
	at org.apache.catalina.core.ApplicationFilterChain.doFilter(ApplicationFilterChain.java:153)
	at org.springframework.web.filter.CharacterEncodingFilter.doFilterInternal(CharacterEncodingFilter.java:201)
	at org.springframework.web.filter.OncePerRequestFilter.doFilter(OncePerRequestFilter.java:117)
	at org.apache.catalina.core.ApplicationFilterChain.internalDoFilter(ApplicationFilterChain.java:178)
	at org.apache.catalina.core.ApplicationFilterChain.doFilter(ApplicationFilterChain.java:153)
	at org.apache.catalina.core.StandardWrapperValve.invoke(StandardWrapperValve.java:168)
	at org.apache.catalina.core.StandardContextValve.invoke(StandardContextValve.java:90)
	at org.apache.catalina.authenticator.AuthenticatorBase.invoke(AuthenticatorBase.java:481)
	at org.apache.catalina.core.StandardHostValve.invoke(StandardHostValve.java:130)
	at org.apache.catalina.valves.ErrorReportValve.invoke(ErrorReportValve.java:93)
	at org.apache.catalina.core.StandardEngineValve.invoke(StandardEngineValve.java:74)
	at org.apache.catalina.connector.CoyoteAdapter.service(CoyoteAdapter.java:342)
	at org.apache.coyote.http11.Http11Processor.service(Http11Processor.java:390)
	at org.apache.coyote.AbstractProcessorLight.process(AbstractProcessorLight.java:63)
	at org.apache.coyote.AbstractProtocol$ConnectionHandler.process(AbstractProtocol.java:928)
	at org.apache.tomcat.util.net.NioEndpoint$SocketProcessor.doRun(NioEndpoint.java:1794)
	at org.apache.tomcat.util.net.SocketProcessorBase.run(SocketProcessorBase.java:52)
	at org.apache.tomcat.util.threads.ThreadPoolExecutor.runWorker(ThreadPoolExecutor.java:1191)
	at org.apache.tomcat.util.threads.ThreadPoolExecutor$Worker.run(ThreadPoolExecutor.java:659)
	at org.apache.tomcat.util.threads.TaskThread$WrappingRunnable.run(TaskThread.java:61)
	at java.lang.Thread.run(Thread.java:750)
2025-04-10 23:25:11.894 [SpringApplicationShutdownHook] INFO  github.tonyenergy.service.LogUploadService - 🛑 Application shutting down. Uploading logs to OSS...
2025-04-10 23:25:12.111 [SpringApplicationShutdownHook] INFO  github.tonyenergy.service.LogUploadService - ✅ Log file upload successful！Path: logs/ocpp-20250410_232511.log
2025-04-10 23:25:12.112 [SpringApplicationShutdownHook] WARN  github.tonyenergy.service.LogUploadService - ⚠️ Failed to delete local log file: ocpp.log
2025-04-10 23:27:19.179 [main] INFO  github.tonyenergy.Application - Starting Application using Java 1.8.0_412 on LTH with PID 12836 (D:\ocpp_java_app\target\classes started by LTH in D:\ocpp_java_app)
2025-04-10 23:27:19.182 [main] INFO  github.tonyenergy.Application - No active profile set, falling back to 1 default profile: "default"
2025-04-10 23:27:19.652 [main] INFO  o.s.boot.web.embedded.tomcat.TomcatWebServer - Tomcat initialized with port(s): 8080 (http)
2025-04-10 23:27:19.653 [main] INFO  org.apache.catalina.core.AprLifecycleListener - An older version [1.2.35] of the Apache Tomcat Native library is installed, while Tomcat recommends a minimum version of [1.2.38]
2025-04-10 23:27:19.653 [main] INFO  org.apache.catalina.core.AprLifecycleListener - Loaded Apache Tomcat Native library [1.2.35] using APR version [1.7.0].
2025-04-10 23:27:19.653 [main] INFO  org.apache.catalina.core.AprLifecycleListener - APR capabilities: IPv6 [true], sendfile [true], accept filters [false], random [true], UDS [true].
2025-04-10 23:27:19.653 [main] INFO  org.apache.catalina.core.AprLifecycleListener - APR/OpenSSL configuration: useAprConnector [false], useOpenSSL [true]
2025-04-10 23:27:19.654 [main] INFO  org.apache.catalina.core.AprLifecycleListener - OpenSSL successfully initialized [OpenSSL 1.1.1q  5 Jul 2022]
2025-04-10 23:27:19.658 [main] INFO  org.apache.coyote.http11.Http11NioProtocol - Initializing ProtocolHandler ["http-nio-8080"]
2025-04-10 23:27:19.659 [main] INFO  org.apache.catalina.core.StandardService - Starting service [Tomcat]
2025-04-10 23:27:19.659 [main] INFO  org.apache.catalina.core.StandardEngine - Starting Servlet engine: [Apache Tomcat/9.0.83]
2025-04-10 23:27:19.721 [main] INFO  o.a.c.core.ContainerBase.[Tomcat].[localhost].[/] - Initializing Spring embedded WebApplicationContext
2025-04-10 23:27:19.721 [main] INFO  o.s.b.w.s.c.ServletWebServerApplicationContext - Root WebApplicationContext: initialization completed in 519 ms
2025-04-10 23:27:20.120 [main] INFO  org.apache.coyote.http11.Http11NioProtocol - Starting ProtocolHandler ["http-nio-8080"]
2025-04-10 23:27:20.130 [main] INFO  o.s.boot.web.embedded.tomcat.TomcatWebServer - Tomcat started on port(s): 8080 (http) with context path ''
2025-04-10 23:27:20.134 [main] INFO  o.s.s.a.ScheduledAnnotationBeanPostProcessor - No TaskScheduler/ScheduledExecutorService bean found for scheduled processing
2025-04-10 23:27:20.138 [main] INFO  github.tonyenergy.Application - Started Application in 1.195 seconds (JVM running for 1.631)
2025-04-10 23:27:20.139 [main] INFO  github.tonyenergy.Application - 🚀 WebSocket Server Start！
2025-04-10 23:27:22.402 [SpringApplicationShutdownHook] INFO  github.tonyenergy.service.LogUploadService - 🛑 Application shutting down. Uploading logs to OSS...
2025-04-10 23:27:22.658 [SpringApplicationShutdownHook] INFO  github.tonyenergy.service.LogUploadService - ✅ Log file upload successful！Path: logs/ocpp-20250410_232722.log
2025-04-10 23:27:23.671 [SpringApplicationShutdownHook] WARN  github.tonyenergy.service.LogUploadService - ⚠️ Failed to delete local log file: ocpp.log
2025-04-10 23:27:35.715 [main] INFO  github.tonyenergy.Application - Starting Application using Java 1.8.0_412 on LTH with PID 10736 (D:\ocpp_java_app\target\classes started by LTH in D:\ocpp_java_app)
2025-04-10 23:27:35.717 [main] INFO  github.tonyenergy.Application - No active profile set, falling back to 1 default profile: "default"
2025-04-10 23:27:36.183 [main] INFO  o.s.boot.web.embedded.tomcat.TomcatWebServer - Tomcat initialized with port(s): 8080 (http)
2025-04-10 23:27:36.183 [main] INFO  org.apache.catalina.core.AprLifecycleListener - An older version [1.2.35] of the Apache Tomcat Native library is installed, while Tomcat recommends a minimum version of [1.2.38]
2025-04-10 23:27:36.183 [main] INFO  org.apache.catalina.core.AprLifecycleListener - Loaded Apache Tomcat Native library [1.2.35] using APR version [1.7.0].
2025-04-10 23:27:36.183 [main] INFO  org.apache.catalina.core.AprLifecycleListener - APR capabilities: IPv6 [true], sendfile [true], accept filters [false], random [true], UDS [true].
2025-04-10 23:27:36.183 [main] INFO  org.apache.catalina.core.AprLifecycleListener - APR/OpenSSL configuration: useAprConnector [false], useOpenSSL [true]
2025-04-10 23:27:36.185 [main] INFO  org.apache.catalina.core.AprLifecycleListener - OpenSSL successfully initialized [OpenSSL 1.1.1q  5 Jul 2022]
2025-04-10 23:27:36.189 [main] INFO  org.apache.coyote.http11.Http11NioProtocol - Initializing ProtocolHandler ["http-nio-8080"]
2025-04-10 23:27:36.189 [main] INFO  org.apache.catalina.core.StandardService - Starting service [Tomcat]
2025-04-10 23:27:36.190 [main] INFO  org.apache.catalina.core.StandardEngine - Starting Servlet engine: [Apache Tomcat/9.0.83]
2025-04-10 23:27:36.252 [main] INFO  o.a.c.core.ContainerBase.[Tomcat].[localhost].[/] - Initializing Spring embedded WebApplicationContext
2025-04-10 23:27:36.252 [main] INFO  o.s.b.w.s.c.ServletWebServerApplicationContext - Root WebApplicationContext: initialization completed in 516 ms
2025-04-10 23:27:36.641 [main] INFO  org.apache.coyote.http11.Http11NioProtocol - Starting ProtocolHandler ["http-nio-8080"]
2025-04-10 23:27:36.650 [main] INFO  o.s.boot.web.embedded.tomcat.TomcatWebServer - Tomcat started on port(s): 8080 (http) with context path ''
2025-04-10 23:27:36.655 [main] INFO  o.s.s.a.ScheduledAnnotationBeanPostProcessor - No TaskScheduler/ScheduledExecutorService bean found for scheduled processing
2025-04-10 23:27:36.659 [main] INFO  github.tonyenergy.Application - Started Application in 1.175 seconds (JVM running for 1.606)
2025-04-10 23:27:36.660 [main] INFO  github.tonyenergy.Application - 🚀 WebSocket Server Start！
2025-04-10 23:27:39.109 [SpringApplicationShutdownHook] INFO  github.tonyenergy.service.LogUploadService - 🛑 Application shutting down. Uploading logs to OSS...
2025-04-10 23:27:39.407 [SpringApplicationShutdownHook] INFO  github.tonyenergy.service.LogUploadService - ✅ Log file upload successful！Path: logs/ocpp-20250410_232739.log
2025-04-10 23:27:44.413 [SpringApplicationShutdownHook] WARN  github.tonyenergy.service.LogUploadService - ⚠️ Failed to delete local log file: ocpp.log
